<?xml version="1.0" encoding="UTF-8"?>
<!-- Generated by org.testng.reporters.JUnitReportReporter -->
<testsuite skipped="0" hostname="DESKTOP-VNP5OC7" name="test.LoginTest" tests="1" failures="0" timestamp="09 Jun 2023 15:57:32 GMT" time="19.398" errors="0">
  <testcase name="validPage" time="19.398" classname="test.LoginTest"/>
</testsuite> <!-- test.LoginTest -->
