<?xml version="1.0" encoding="UTF-8"?>
<!-- Generated by org.testng.reporters.JUnitReportReporter -->
<testsuite skipped="0" hostname="DESKTOP-VNP5OC7" name="test.LoginTest2" tests="1" failures="0" timestamp="16 Jun 2023 19:44:34 GMT" time="9.081" errors="0">
  <testcase name="validPage" time="9.081" classname="test.LoginTest2"/>
</testsuite> <!-- test.LoginTest2 -->
